"S:/GameDev/Potkirland_LD50/Content/Game/Textures/StartScreen/Guides.uasset" 0
"S:/GameDev/Potkirland_LD50/Content/Game/Textures/StartScreen/Guides.uexp" 1
"S:/GameDev/Potkirland_LD50/Content/Game/Textures/StartScreen/R_Dim.uasset" 2
"S:/GameDev/Potkirland_LD50/Content/Game/Textures/StartScreen/R_Dim.uexp" 3
"S:/GameDev/Potkirland_LD50/Content/Splash/EdSplash.uasset" 4
"S:/GameDev/Potkirland_LD50/Content/Splash/EdSplash.uexp" 5
"S:/GameDev/Potkirland_LD50/Content/Splash/Splash.uasset" 6
"S:/GameDev/Potkirland_LD50/Content/Splash/Splash.uexp" 7
"../../../Engine/Content/EngineMaterials/T_Default_Material_Grid_N.uasset" 8
"../../../Engine/Content/EngineMaterials/T_Default_Material_Grid_N.uexp" 9
"../../../Engine/Content/EngineMaterials/T_Default_Material_Grid_N.ubulk" 10
"../../../Engine/Content/EngineMaterials/T_Default_Material_Grid_M.uasset" 11
"../../../Engine/Content/EngineMaterials/T_Default_Material_Grid_M.uexp" 12
"../../../Engine/Content/EngineMaterials/T_Default_Material_Grid_M.ubulk" 13
"../../../Engine/Content/Functions/Engine_MaterialFunctions01/Opacity/CameraDepthFade.uasset" 14
"../../../Engine/Content/Functions/Engine_MaterialFunctions01/Opacity/CameraDepthFade.uexp" 15
"../../../Engine/Content/EngineMaterials/WorldGridMaterial.uasset" 16
"../../../Engine/Content/EngineMaterials/WorldGridMaterial.uexp" 17
"../../../Engine/Content/ArtTools/RenderToTexture/Meshes/S_1_Unit_Plane.uasset" 18
"../../../Engine/Content/ArtTools/RenderToTexture/Meshes/S_1_Unit_Plane.uexp" 19
"../../../Engine/Content/EngineMaterials/DefaultMaterial.uasset" 20
"../../../Engine/Content/EngineMaterials/DefaultMaterial.uexp" 21
"../../../Engine/Content/BasicShapes/Cone.uasset" 22
"../../../Engine/Content/BasicShapes/Cone.uexp" 23
"../../../Engine/Content/BasicShapes/Cube.uasset" 24
"../../../Engine/Content/BasicShapes/Cube.uexp" 25
"../../../Engine/Content/BasicShapes/Cylinder.uasset" 26
"../../../Engine/Content/BasicShapes/Cylinder.uexp" 27
"../../../Engine/Content/BasicShapes/Plane.uasset" 28
"../../../Engine/Content/BasicShapes/Plane.uexp" 29
"../../../Engine/Content/BasicShapes/Sphere.uasset" 30
"../../../Engine/Content/BasicShapes/Sphere.uexp" 31
"../../../Engine/Content/EngineDamageTypes/DmgTypeBP_Environmental.uasset" 32
"../../../Engine/Content/EngineDamageTypes/DmgTypeBP_Environmental.uexp" 33
"../../../Engine/Content/EngineDebugMaterials/DebugEditorMaterial.uasset" 34
"../../../Engine/Content/EngineDebugMaterials/DebugEditorMaterial.uexp" 35
"../../../Engine/Content/EngineDebugMaterials/DebugMeshMaterial.uasset" 36
"../../../Engine/Content/EngineDebugMaterials/DebugMeshMaterial.uexp" 37
"../../../Engine/Content/EngineDebugMaterials/M_SimpleUnlitTranslucent.uasset" 38
"../../../Engine/Content/EngineDebugMaterials/M_SimpleUnlitTranslucent.uexp" 39
"../../../Engine/Content/EngineFonts/Faces/RobotoRegular.uasset" 40
"../../../Engine/Content/EngineFonts/Faces/RobotoRegular.uexp" 41
"../../../Engine/Content/EngineFonts/Faces/RobotoRegular.ufont" 42
"../../../Engine/Content/EngineFonts/Faces/RobotoLight.uasset" 43
"../../../Engine/Content/EngineFonts/Faces/RobotoLight.uexp" 44
"../../../Engine/Content/EngineFonts/Faces/RobotoLight.ufont" 45
"../../../Engine/Content/EngineFonts/Faces/RobotoItalic.uasset" 46
"../../../Engine/Content/EngineFonts/Faces/RobotoItalic.uexp" 47
"../../../Engine/Content/EngineFonts/Faces/RobotoItalic.ufont" 48
"../../../Engine/Content/EngineFonts/Faces/RobotoBoldItalic.uasset" 49
"../../../Engine/Content/EngineFonts/Faces/RobotoBoldItalic.uexp" 50
"../../../Engine/Content/EngineFonts/Faces/RobotoBoldItalic.ufont" 51
"../../../Engine/Content/EngineFonts/Faces/RobotoBold.uasset" 52
"../../../Engine/Content/EngineFonts/Faces/RobotoBold.uexp" 53
"../../../Engine/Content/EngineFonts/Faces/RobotoBold.ufont" 54
"../../../Engine/Content/EngineFonts/Faces/DroidSansFallback.uasset" 55
"../../../Engine/Content/EngineFonts/Faces/DroidSansFallback.uexp" 56
"../../../Engine/Content/EngineFonts/Faces/DroidSansFallback.ufont" 57
"../../../Engine/Content/EngineFonts/Roboto.uasset" 58
"../../../Engine/Content/EngineFonts/Roboto.uexp" 59
"../../../Engine/Content/EngineMaterials/BaseFlattenNormalMap.uasset" 60
"../../../Engine/Content/EngineMaterials/BaseFlattenNormalMap.uexp" 61
"../../../Engine/Content/EngineMaterials/BaseFlattenGrayscaleMap.uasset" 62
"../../../Engine/Content/EngineMaterials/BaseFlattenGrayscaleMap.uexp" 63
"../../../Engine/Content/EngineMaterials/BaseFlattenEmissiveMap.uasset" 64
"../../../Engine/Content/EngineMaterials/BaseFlattenEmissiveMap.uexp" 65
"../../../Engine/Content/EngineMaterials/BaseFlattenDiffuseMap.uasset" 66
"../../../Engine/Content/EngineMaterials/BaseFlattenDiffuseMap.uexp" 67
"../../../Engine/Content/EngineMaterials/BaseFlattenMaterial.uasset" 68
"../../../Engine/Content/EngineMaterials/BaseFlattenMaterial.uexp" 69
"../../../Engine/Content/EngineMaterials/BlueNoise.uasset" 70
"../../../Engine/Content/EngineMaterials/BlueNoise.uexp" 71
"../../../Engine/Content/EngineMaterials/DefaultBloomKernel.uasset" 72
"../../../Engine/Content/EngineMaterials/DefaultBloomKernel.uexp" 73
"../../../Engine/Content/EngineMaterials/DefaultBokeh.uasset" 74
"../../../Engine/Content/EngineMaterials/DefaultBokeh.uexp" 75
"../../../Engine/Content/EngineMaterials/DefaultDiffuse.uasset" 76
"../../../Engine/Content/EngineMaterials/DefaultDiffuse.uexp" 77
"../../../Engine/Content/EngineMaterials/DefaultDiffuse.ubulk" 78
"../../../Engine/Content/EngineMaterials/DefaultDeferredDecalMaterial.uasset" 79
"../../../Engine/Content/EngineMaterials/DefaultDeferredDecalMaterial.uexp" 80
"../../../Engine/Content/EngineMaterials/DefaultLightFunctionMaterial.uasset" 81
"../../../Engine/Content/EngineMaterials/DefaultLightFunctionMaterial.uexp" 82
"../../../Engine/Content/EngineMaterials/DefaultPhysicalMaterial.uasset" 83
"../../../Engine/Content/EngineMaterials/DefaultPhysicalMaterial.uexp" 84
"../../../Engine/Content/Functions/Engine_MaterialFunctions02/Utility/BreakOutFloat2Components.uasset" 85
"../../../Engine/Content/Functions/Engine_MaterialFunctions02/Utility/BreakOutFloat2Components.uexp" 86
"../../../Engine/Content/EngineMaterials/DefaultPostProcessMaterial.uasset" 87
"../../../Engine/Content/EngineMaterials/DefaultPostProcessMaterial.uexp" 88
"../../../Engine/Content/EngineFonts/RobotoDistanceField.uasset" 89
"../../../Engine/Content/EngineFonts/RobotoDistanceField.uexp" 90
"../../../Engine/Content/EngineMaterials/DefaultTextMaterialOpaque.uasset" 91
"../../../Engine/Content/EngineMaterials/DefaultTextMaterialOpaque.uexp" 92
"../../../Engine/Content/EngineMaterials/DefaultWhiteGrid.uasset" 93
"../../../Engine/Content/EngineMaterials/DefaultWhiteGrid.uexp" 94
"../../../Engine/Content/EngineMaterials/DefaultWhiteGrid.ubulk" 95
"../../../Engine/Content/EngineMaterials/DefaultWhiteGrid_Low.uasset" 96
"../../../Engine/Content/EngineMaterials/DefaultWhiteGrid_Low.uexp" 97
"../../../Engine/Content/EngineMaterials/EmissiveMeshMaterial.uasset" 98
"../../../Engine/Content/EngineMaterials/EmissiveMeshMaterial.uexp" 99
"../../../Engine/Content/EngineMaterials/GizmoMaterial.uasset" 100
"../../../Engine/Content/EngineMaterials/GizmoMaterial.uexp" 101
"../../../Engine/Content/EngineMaterials/Good64x64TilingNoiseHighFreq.uasset" 102
"../../../Engine/Content/EngineMaterials/Good64x64TilingNoiseHighFreq.uexp" 103
"../../../Engine/Content/EngineMaterials/MiniFont.uasset" 104
"../../../Engine/Content/EngineMaterials/MiniFont.uexp" 105
"../../../Engine/Content/EngineMaterials/InvalidLightmapSettings.uasset" 106
"../../../Engine/Content/EngineMaterials/InvalidLightmapSettings.uexp" 107
"../../../Engine/Content/EngineMaterials/InvalidLightmapSettings.ubulk" 108
"../../../Engine/Content/EngineMaterials/M_InvalidLightmapSettings.uasset" 109
"../../../Engine/Content/EngineMaterials/M_InvalidLightmapSettings.uexp" 110
"../../../Engine/Content/Functions/Engine_MaterialFunctions02/WorldPositionOffset/CameraOffset.uasset" 111
"../../../Engine/Content/Functions/Engine_MaterialFunctions02/WorldPositionOffset/CameraOffset.uexp" 112
"../../../Engine/Content/EngineMaterials/PhAT_JointLimitMaterial.uasset" 113
"../../../Engine/Content/EngineMaterials/PhAT_JointLimitMaterial.uexp" 114
"../../../Engine/Content/EngineMaterials/DefaultCalibrationColor.uasset" 115
"../../../Engine/Content/EngineMaterials/DefaultCalibrationColor.uexp" 116
"../../../Engine/Content/EngineMaterials/PPM_DefaultCalibrationColor.uasset" 117
"../../../Engine/Content/EngineMaterials/PPM_DefaultCalibrationColor.uexp" 118
"../../../Engine/Content/EngineMaterials/DefaultCalibrationGrayscale.uasset" 119
"../../../Engine/Content/EngineMaterials/DefaultCalibrationGrayscale.uexp" 120
"../../../Engine/Content/EngineMaterials/PPM_DefaultCalibrationGrayscale.uasset" 121
"../../../Engine/Content/EngineMaterials/PPM_DefaultCalibrationGrayscale.uexp" 122
"../../../Engine/Content/EngineMaterials/PreintegratedSkinBRDF.uasset" 123
"../../../Engine/Content/EngineMaterials/PreintegratedSkinBRDF.uexp" 124
"../../../Engine/Content/EngineMaterials/RemoveSurfaceMaterial.uasset" 125
"../../../Engine/Content/EngineMaterials/RemoveSurfaceMaterial.uexp" 126
"../../../Engine/Content/EngineMaterials/WeightMapPlaceholderTexture.uasset" 127
"../../../Engine/Content/EngineMaterials/WeightMapPlaceholderTexture.uexp" 128
"../../../Engine/Content/EngineResources/WhiteSquareTexture.uasset" 129
"../../../Engine/Content/EngineResources/WhiteSquareTexture.uexp" 130
"../../../Engine/Content/EngineMaterials/Widget3DPassThrough.uasset" 131
"../../../Engine/Content/EngineMaterials/Widget3DPassThrough.uexp" 132
"../../../Engine/Content/EngineMaterials/Widget3DPassThrough_Masked.uasset" 133
"../../../Engine/Content/EngineMaterials/Widget3DPassThrough_Masked.uexp" 134
"../../../Engine/Content/EngineMaterials/Widget3DPassThrough_Opaque.uasset" 135
"../../../Engine/Content/EngineMaterials/Widget3DPassThrough_Opaque.uexp" 136
"../../../Engine/Content/EngineMaterials/Widget3DPassThrough_Masked_OneSided.uasset" 137
"../../../Engine/Content/EngineMaterials/Widget3DPassThrough_Masked_OneSided.uexp" 138
"../../../Engine/Content/EngineMaterials/Widget3DPassThrough_Opaque_OneSided.uasset" 139
"../../../Engine/Content/EngineMaterials/Widget3DPassThrough_Opaque_OneSided.uexp" 140
"../../../Engine/Content/EngineMaterials/Widget3DPassThrough_Translucent.uasset" 141
"../../../Engine/Content/EngineMaterials/Widget3DPassThrough_Translucent.uexp" 142
"../../../Engine/Content/EngineMaterials/Widget3DPassThrough_Translucent_OneSided.uasset" 143
"../../../Engine/Content/EngineMaterials/Widget3DPassThrough_Translucent_OneSided.uexp" 144
"../../../Engine/Content/EngineMeshes/Sphere.uasset" 145
"../../../Engine/Content/EngineMeshes/Sphere.uexp" 146
"../../../Engine/Content/EngineResources/Black.uasset" 147
"../../../Engine/Content/EngineResources/Black.uexp" 148
"../../../Engine/Content/EngineResources/DefaultTexture.uasset" 149
"../../../Engine/Content/EngineResources/DefaultTexture.uexp" 150
"../../../Engine/Content/EngineResources/DefaultTexture.ubulk" 151
"../../../Engine/Content/EngineResources/DefaultTextureCube.uasset" 152
"../../../Engine/Content/EngineResources/DefaultTextureCube.uexp" 153
"../../../Engine/Content/EngineResources/DefaultVolumeTexture2D.uasset" 154
"../../../Engine/Content/EngineResources/DefaultVolumeTexture2D.uexp" 155
"../../../Engine/Content/EngineResources/DefaultVolumeTexture.uasset" 156
"../../../Engine/Content/EngineResources/DefaultVolumeTexture.uexp" 157
"../../../Engine/Content/EngineResources/GradientTexture0.uasset" 158
"../../../Engine/Content/EngineResources/GradientTexture0.uexp" 159
"../../../Engine/Content/EngineSky/VolumetricClouds/T_NoiseShape64.uasset" 160
"../../../Engine/Content/EngineSky/VolumetricClouds/T_NoiseShape64.uexp" 161
"../../../Engine/Content/EngineSky/VolumetricClouds/T_NoiseShape64.ubulk" 162
"../../../Engine/Content/EngineSky/VolumetricClouds/T_VolumeNoiseShape64.uasset" 163
"../../../Engine/Content/EngineSky/VolumetricClouds/T_VolumeNoiseShape64.uexp" 164
"../../../Engine/Content/EngineSky/VolumetricClouds/T_NoiseErosion.uasset" 165
"../../../Engine/Content/EngineSky/VolumetricClouds/T_NoiseErosion.uexp" 166
"../../../Engine/Content/EngineSky/VolumetricClouds/T_NoiseErosion.ubulk" 167
"../../../Engine/Content/EngineSky/VolumetricClouds/T_VolumeNoiseErosion32.uasset" 168
"../../../Engine/Content/EngineSky/VolumetricClouds/T_VolumeNoiseErosion32.uexp" 169
"../../../Engine/Content/EngineSky/VolumetricClouds/CloudWeatherTexture.uasset" 170
"../../../Engine/Content/EngineSky/VolumetricClouds/CloudWeatherTexture.uexp" 171
"../../../Engine/Content/EngineSky/VolumetricClouds/CloudGradientTexture.uasset" 172
"../../../Engine/Content/EngineSky/VolumetricClouds/CloudGradientTexture.uexp" 173
"../../../Engine/Content/Functions/Engine_MaterialFunctions02/Utility/MakeFloat2.uasset" 174
"../../../Engine/Content/Functions/Engine_MaterialFunctions02/Utility/MakeFloat2.uexp" 175
"../../../Engine/Content/EngineSky/VolumetricClouds/m_SimpleVolumetricCloud.uasset" 176
"../../../Engine/Content/EngineSky/VolumetricClouds/m_SimpleVolumetricCloud.uexp" 177
"../../../Engine/Content/EngineSky/VolumetricClouds/m_SimpleVolumetricCloud_Inst.uasset" 178
"../../../Engine/Content/EngineSky/VolumetricClouds/m_SimpleVolumetricCloud_Inst.uexp" 179
"../../../Engine/Content/EngineSounds/Master.uasset" 180
"../../../Engine/Content/EngineSounds/Master.uexp" 181
"../../../Engine/Content/Functions/Engine_MaterialFunctions01/Shading/ConvertFromDiffSpec.uasset" 182
"../../../Engine/Content/Functions/Engine_MaterialFunctions01/Shading/ConvertFromDiffSpec.uexp" 183
"../../../Engine/Content/Functions/Engine_MaterialFunctions01/Shading/PowerToRoughness.uasset" 184
"../../../Engine/Content/Functions/Engine_MaterialFunctions01/Shading/PowerToRoughness.uexp" 185
"../../../Engine/Content/Maps/Templates/Thumbnails/Default.uasset" 186
"../../../Engine/Content/Maps/Templates/Thumbnails/Default.uexp" 187
"../../../Engine/Content/Maps/Templates/Thumbnails/TimeOfDay.uasset" 188
"../../../Engine/Content/Maps/Templates/Thumbnails/TimeOfDay.uexp" 189
"../../../Engine/Content/Maps/Templates/Thumbnails/VR-Basic.uasset" 190
"../../../Engine/Content/Maps/Templates/Thumbnails/VR-Basic.uexp" 191
"../../../Engine/Content/MobileResources/T_MobileControls_texture.uasset" 192
"../../../Engine/Content/MobileResources/T_MobileControls_texture.uexp" 193
"../../../Engine/Content/MobileResources/T_MobileMenu2.uasset" 194
"../../../Engine/Content/MobileResources/T_MobileMenu2.uexp" 195
"../../../Engine/Content/MobileResources/HUD/AnalogHat.uasset" 196
"../../../Engine/Content/MobileResources/HUD/AnalogHat.uexp" 197
"../../../Engine/Content/MobileResources/HUD/VirtualJoystick_Thumb.uasset" 198
"../../../Engine/Content/MobileResources/HUD/VirtualJoystick_Thumb.uexp" 199
"../../../Engine/Content/MobileResources/HUD/VirtualJoystick_Background.uasset" 200
"../../../Engine/Content/MobileResources/HUD/VirtualJoystick_Background.uexp" 201
"../../../Engine/Content/MobileResources/HUD/DefaultVirtualJoysticks.uasset" 202
"../../../Engine/Content/MobileResources/HUD/DefaultVirtualJoysticks.uexp" 203
"../../../Engine/Content/MobileResources/HUD/LeftVirtualJoystickOnly.uasset" 204
"../../../Engine/Content/MobileResources/HUD/LeftVirtualJoystickOnly.uexp" 205
"../../../Engine/Content/MobileResources/HUD/MobileHUDButton1_off.uasset" 206
"../../../Engine/Content/MobileResources/HUD/MobileHUDButton1_off.uexp" 207
"../../../Engine/Content/MobileResources/HUD/MobileHUDButton1_on.uasset" 208
"../../../Engine/Content/MobileResources/HUD/MobileHUDButton1_on.uexp" 209
"../../../Engine/Content/MobileResources/HUD/MobileHUDButton2_off.uasset" 210
"../../../Engine/Content/MobileResources/HUD/MobileHUDButton2_off.uexp" 211
"../../../Engine/Content/MobileResources/HUD/MobileHUDButton2_on.uasset" 212
"../../../Engine/Content/MobileResources/HUD/MobileHUDButton2_on.uexp" 213
"../../../Engine/Content/MobileResources/HUD/MobileHUDButton3.uasset" 214
"../../../Engine/Content/MobileResources/HUD/MobileHUDButton3.uexp" 215
"../../../Engine/Content/MobileResources/HUD/MobileHUDButtonFire.uasset" 216
"../../../Engine/Content/MobileResources/HUD/MobileHUDButtonFire.uexp" 217
"../../../Engine/Content/MobileResources/HUD/MobileHUDDirectionPad.uasset" 218
"../../../Engine/Content/MobileResources/HUD/MobileHUDDirectionPad.uexp" 219
"../../../Engine/Content/MobileResources/HUD/MobileHUDDirectionPad2.uasset" 220
"../../../Engine/Content/MobileResources/HUD/MobileHUDDirectionPad2.uexp" 221
"../../../Engine/Content/MobileResources/HUD/MobileHUDDirectionPad3.uasset" 222
"../../../Engine/Content/MobileResources/HUD/MobileHUDDirectionPad3.uexp" 223
"../../../Engine/Content/MobileResources/HUD/MobileHUDDirectionStick.uasset" 224
"../../../Engine/Content/MobileResources/HUD/MobileHUDDirectionStick.uexp" 225
"../../../Engine/Content/MobileResources/HUD/T_Castle_ThumbstickInner.uasset" 226
"../../../Engine/Content/MobileResources/HUD/T_Castle_ThumbstickInner.uexp" 227
"../../../Engine/Content/MobileResources/HUD/T_Castle_ThumbstickOutter.uasset" 228
"../../../Engine/Content/MobileResources/HUD/T_Castle_ThumbstickOutter.uexp" 229
"../../../Engine/Content/Tutorial/ContentIntroCurve.uasset" 230
"../../../Engine/Content/Tutorial/ContentIntroCurve.uexp" 231
"../../../Engine/Content/Tutorial/Basics/TutorialAssets/icon_tab_Levels_40x.uasset" 232
"../../../Engine/Content/Tutorial/Basics/TutorialAssets/icon_tab_Levels_40x.uexp" 233
"../../../Engine/Content/Tutorial/BlueprintTutorials/TutorialAssets/Blueprint_64x.uasset" 234
"../../../Engine/Content/Tutorial/BlueprintTutorials/TutorialAssets/Blueprint_64x.uexp" 235
"../../../Engine/Content/Tutorial/SubEditors/TutorialAssets/TutorialMaterial.uasset" 236
"../../../Engine/Content/Tutorial/SubEditors/TutorialAssets/TutorialMaterial.uexp" 237
"../../../Engine/Plugins/2D/Paper2D/Content/PlaceholderTextures/DummySpriteTexture.uasset" 238
"../../../Engine/Plugins/2D/Paper2D/Content/PlaceholderTextures/DummySpriteTexture.uexp" 239
"../../../Engine/Plugins/2D/Paper2D/Content/PlaceholderTextures/DummySpriteTexture.ubulk" 240
"../../../Engine/Plugins/2D/Paper2D/Content/DummySprite.uasset" 241
"../../../Engine/Plugins/2D/Paper2D/Content/DummySprite.uexp" 242
"../../../Engine/Plugins/2D/Paper2D/Content/DefaultPaperTerrainMaterial.uasset" 243
"../../../Engine/Plugins/2D/Paper2D/Content/DefaultPaperTerrainMaterial.uexp" 244
"../../../Engine/Plugins/2D/Paper2D/Content/DefaultSpriteMaterial.uasset" 245
"../../../Engine/Plugins/2D/Paper2D/Content/DefaultSpriteMaterial.uexp" 246
"../../../Engine/Plugins/2D/Paper2D/Content/MaskedUnlitSpriteMaterial.uasset" 247
"../../../Engine/Plugins/2D/Paper2D/Content/MaskedUnlitSpriteMaterial.uexp" 248
"../../../Engine/Plugins/2D/Paper2D/Content/OpaqueUnlitSpriteMaterial.uasset" 249
"../../../Engine/Plugins/2D/Paper2D/Content/OpaqueUnlitSpriteMaterial.uexp" 250
"../../../Engine/Content/Functions/Engine_MaterialFunctions02/SafeNormalize.uasset" 251
"../../../Engine/Content/Functions/Engine_MaterialFunctions02/SafeNormalize.uexp" 252
"../../../Engine/Content/Functions/Engine_MaterialFunctions02/Utility/VectorLength.uasset" 253
"../../../Engine/Content/Functions/Engine_MaterialFunctions02/Utility/VectorLength.uexp" 254
"../../../Engine/Content/Functions/Engine_MaterialFunctions02/ObjectLocalBounds.uasset" 255
"../../../Engine/Content/Functions/Engine_MaterialFunctions02/ObjectLocalBounds.uexp" 256
"../../../Engine/Content/Functions/Engine_MaterialFunctions02/WorldPositionOffset/ObjectScale.uasset" 257
"../../../Engine/Content/Functions/Engine_MaterialFunctions02/WorldPositionOffset/ObjectScale.uexp" 258
"../../../Engine/Content/Functions/Engine_MaterialFunctions02/Utility/BreakOutFloat3Components.uasset" 259
"../../../Engine/Content/Functions/Engine_MaterialFunctions02/Utility/BreakOutFloat3Components.uexp" 260
"../../../Engine/Plugins/Editor/SpeedTreeImporter/Content/SpeedTree9/UnpackInteger3.uasset" 261
"../../../Engine/Plugins/Editor/SpeedTreeImporter/Content/SpeedTree9/UnpackInteger3.uexp" 262
"../../../Engine/Plugins/Editor/SpeedTreeImporter/Content/SpeedTree9/UnpackDirection.uasset" 263
"../../../Engine/Plugins/Editor/SpeedTreeImporter/Content/SpeedTree9/UnpackDirection.uexp" 264
"../../../Engine/Plugins/Editor/SpeedTreeImporter/Content/SpeedTree9/game_wind_noise.uasset" 265
"../../../Engine/Plugins/Editor/SpeedTreeImporter/Content/SpeedTree9/game_wind_noise.uexp" 266
"../../../Engine/Plugins/Editor/SpeedTreeImporter/Content/SpeedTree9/game_wind_noise.ubulk" 267
"../../../Engine/Plugins/Editor/SpeedTreeImporter/Content/SpeedTree9/SpeedTreeWindMotion.uasset" 268
"../../../Engine/Plugins/Editor/SpeedTreeImporter/Content/SpeedTree9/SpeedTreeWindMotion.uexp" 269
"../../../Engine/Plugins/Editor/SpeedTreeImporter/Content/SpeedTree9/SpeedTreeBranchMotion.uasset" 270
"../../../Engine/Plugins/Editor/SpeedTreeImporter/Content/SpeedTree9/SpeedTreeBranchMotion.uexp" 271
"../../../Engine/Content/Functions/Engine_MaterialFunctions02/UVs/BoundingBoxBased_0-1_UVW.uasset" 272
"../../../Engine/Content/Functions/Engine_MaterialFunctions02/UVs/BoundingBoxBased_0-1_UVW.uexp" 273
"../../../Engine/Plugins/Editor/SpeedTreeImporter/Content/SpeedTree9/SpeedTreeWind.uasset" 274
"../../../Engine/Plugins/Editor/SpeedTreeImporter/Content/SpeedTree9/SpeedTreeWind.uexp" 275
"../../../Engine/Plugins/Editor/SpeedTreeImporter/Content/SpeedTree9/SpeedTreeBillboard.uasset" 276
"../../../Engine/Plugins/Editor/SpeedTreeImporter/Content/SpeedTree9/SpeedTreeBillboard.uexp" 277
"../../../Engine/Plugins/Editor/SpeedTreeImporter/Content/SpeedTree9/EmptyNormal.uasset" 278
"../../../Engine/Plugins/Editor/SpeedTreeImporter/Content/SpeedTree9/EmptyNormal.uexp" 279
"../../../Engine/Plugins/Editor/SpeedTreeImporter/Content/SpeedTree9/Empty.uasset" 280
"../../../Engine/Plugins/Editor/SpeedTreeImporter/Content/SpeedTree9/Empty.uexp" 281
"../../../Engine/Plugins/Editor/SpeedTreeImporter/Content/SpeedTree9/SpeedTreeBillboardMaster.uasset" 282
"../../../Engine/Plugins/Editor/SpeedTreeImporter/Content/SpeedTree9/SpeedTreeBillboardMaster.uexp" 283
"../../../Engine/Plugins/Editor/SpeedTreeImporter/Content/SpeedTree9/SpeedTreeCameraFacing.uasset" 284
"../../../Engine/Plugins/Editor/SpeedTreeImporter/Content/SpeedTree9/SpeedTreeCameraFacing.uexp" 285
"../../../Engine/Plugins/Editor/SpeedTreeImporter/Content/SpeedTree9/SpeedTreeMaster.uasset" 286
"../../../Engine/Plugins/Editor/SpeedTreeImporter/Content/SpeedTree9/SpeedTreeMaster.uexp" 287
"S:/GameDev/Potkirland_LD50/Content/Game/Textures/UpArrow.uasset" 288
"S:/GameDev/Potkirland_LD50/Content/Game/Textures/UpArrow.uexp" 289
"../../../Engine/Content/EngineMaterials/BlendFunc_DefBlend.uasset" 290
"../../../Engine/Content/EngineMaterials/BlendFunc_DefBlend.uexp" 291
"../../../Engine/Content/EngineMaterials/BlendFunc_DefBase.uasset" 292
"../../../Engine/Content/EngineMaterials/BlendFunc_DefBase.uexp" 293
"../../../Engine/Content/Functions/Engine_MaterialFunctions01/Gradient/LinearGradient.uasset" 294
"../../../Engine/Content/Functions/Engine_MaterialFunctions01/Gradient/LinearGradient.uexp" 295
"S:/GameDev/Potkirland_LD50/Content/Materials/M_Wave.uasset" 296
"S:/GameDev/Potkirland_LD50/Content/Materials/M_Wave.uexp" 297
"S:/GameDev/Potkirland_LD50/Content/Materials/M_Tentacle_Inst.uasset" 298
"S:/GameDev/Potkirland_LD50/Content/Materials/M_Tentacle_Inst.uexp" 299
"S:/GameDev/Potkirland_LD50/Content/Materials/M_Jelly_Inst.uasset" 300
"S:/GameDev/Potkirland_LD50/Content/Materials/M_Jelly_Inst.uexp" 301
"../../../Engine/Content/Functions/Engine_MaterialFunctions03/Blends/Blend_Screen.uasset" 302
"../../../Engine/Content/Functions/Engine_MaterialFunctions03/Blends/Blend_Screen.uexp" 303
"../../../Engine/Content/Functions/Engine_MaterialFunctions03/Blends/Blend_Overlay.uasset" 304
"../../../Engine/Content/Functions/Engine_MaterialFunctions03/Blends/Blend_Overlay.uexp" 305
"S:/GameDev/Potkirland_LD50/Content/Materials/M_ArrowWave.uasset" 306
"S:/GameDev/Potkirland_LD50/Content/Materials/M_ArrowWave.uexp" 307
"S:/GameDev/Potkirland_LD50/Content/Maps/NewWorld_BuiltData.uasset" 308
"S:/GameDev/Potkirland_LD50/Content/Maps/NewWorld_BuiltData.uexp" 309
"S:/GameDev/Potkirland_LD50/Content/Game/Data/Enum_Levels.uasset" 310
"S:/GameDev/Potkirland_LD50/Content/Game/Data/Enum_Levels.uexp" 311
"S:/GameDev/Potkirland_LD50/Content/Game/Data/Struct_State.uasset" 312
"S:/GameDev/Potkirland_LD50/Content/Game/Data/Struct_State.uexp" 313
"S:/GameDev/Potkirland_LD50/Content/Game/Data/Enum_Planes.uasset" 314
"S:/GameDev/Potkirland_LD50/Content/Game/Data/Enum_Planes.uexp" 315
"S:/GameDev/Potkirland_LD50/Content/Game/Data/Struct_plane.uasset" 316
"S:/GameDev/Potkirland_LD50/Content/Game/Data/Struct_plane.uexp" 317
"S:/GameDev/Potkirland_LD50/Content/Game/Data/Struct_LevelStates.uasset" 318
"S:/GameDev/Potkirland_LD50/Content/Game/Data/Struct_LevelStates.uexp" 319
"S:/GameDev/Potkirland_LD50/Content/Game/Textures/StartScreen/ToPlay.uasset" 320
"S:/GameDev/Potkirland_LD50/Content/Game/Textures/StartScreen/ToPlay.uexp" 321
"S:/GameDev/Potkirland_LD50/Content/Game/Textures/StartScreen/Space.uasset" 322
"S:/GameDev/Potkirland_LD50/Content/Game/Textures/StartScreen/Space.uexp" 323
"S:/GameDev/Potkirland_LD50/Content/Game/Textures/StartScreen/R.uasset" 324
"S:/GameDev/Potkirland_LD50/Content/Game/Textures/StartScreen/R.uexp" 325
"S:/GameDev/Potkirland_LD50/Content/Game/Textures/StartScreen/Q_Dim.uasset" 326
"S:/GameDev/Potkirland_LD50/Content/Game/Textures/StartScreen/Q_Dim.uexp" 327
"S:/GameDev/Potkirland_LD50/Content/Game/Textures/StartScreen/Quit.uasset" 328
"S:/GameDev/Potkirland_LD50/Content/Game/Textures/StartScreen/Quit.uexp" 329
"S:/GameDev/Potkirland_LD50/Content/Game/Textures/StartScreen/Q.uasset" 330
"S:/GameDev/Potkirland_LD50/Content/Game/Textures/StartScreen/Q.uexp" 331
"S:/GameDev/Potkirland_LD50/Content/Game/Textures/StartScreen/Press.uasset" 332
"S:/GameDev/Potkirland_LD50/Content/Game/Textures/StartScreen/Press.uexp" 333
"S:/GameDev/Potkirland_LD50/Content/Game/Textures/StartScreen/Enter_Lit.uasset" 334
"S:/GameDev/Potkirland_LD50/Content/Game/Textures/StartScreen/Enter_Lit.uexp" 335
"S:/GameDev/Potkirland_LD50/Content/Game/Textures/StartScreen/Enter.uasset" 336
"S:/GameDev/Potkirland_LD50/Content/Game/Textures/StartScreen/Enter.uexp" 337
"S:/GameDev/Potkirland_LD50/Content/Game/Textures/StartScreen/Arrows.uasset" 338
"S:/GameDev/Potkirland_LD50/Content/Game/Textures/StartScreen/Arrows.uexp" 339
"S:/GameDev/Potkirland_LD50/Content/UI/WBP_StartScreen.uasset" 340
"S:/GameDev/Potkirland_LD50/Content/UI/WBP_StartScreen.uexp" 341
"S:/GameDev/Potkirland_LD50/Content/UI/WBP_HUD.uasset" 342
"S:/GameDev/Potkirland_LD50/Content/UI/WBP_HUD.uexp" 343
"S:/GameDev/Potkirland_LD50/Content/Meshes/Jelly.uasset" 344
"S:/GameDev/Potkirland_LD50/Content/Meshes/Jelly.uexp" 345
"S:/GameDev/Potkirland_LD50/Content/Game/Textures/Bubble.uasset" 346
"S:/GameDev/Potkirland_LD50/Content/Game/Textures/Bubble.uexp" 347
"S:/GameDev/Potkirland_LD50/Content/Game/Textures/Bubble.ubulk" 348
"S:/GameDev/Potkirland_LD50/Content/Materials/M_Bubble.uasset" 349
"S:/GameDev/Potkirland_LD50/Content/Materials/M_Bubble.uexp" 350
"S:/GameDev/Potkirland_LD50/Content/Game/FX/PS_Bubbles.uasset" 351
"S:/GameDev/Potkirland_LD50/Content/Game/FX/PS_Bubbles.uexp" 352
"S:/GameDev/Potkirland_LD50/Content/Game/Libs/BPI_LD50.uasset" 353
"S:/GameDev/Potkirland_LD50/Content/Game/Libs/BPI_LD50.uexp" 354
"S:/GameDev/Potkirland_LD50/Content/Meshes/Plane.uasset" 355
"S:/GameDev/Potkirland_LD50/Content/Meshes/Plane.uexp" 356
"S:/GameDev/Potkirland_LD50/Content/Game/Actors/BP_CardBoard.uasset" 357
"S:/GameDev/Potkirland_LD50/Content/Game/Actors/BP_CardBoard.uexp" 358
"S:/GameDev/Potkirland_LD50/Content/Game/Actors/BPC_HeatWave.uasset" 359
"S:/GameDev/Potkirland_LD50/Content/Game/Actors/BPC_HeatWave.uexp" 360
"S:/GameDev/Potkirland_LD50/Content/Game/Actors/BP_Plane.uasset" 361
"S:/GameDev/Potkirland_LD50/Content/Game/Actors/BP_Plane.uexp" 362
"S:/GameDev/Potkirland_LD50/Content/Game/BP_PCont_LD50.uasset" 363
"S:/GameDev/Potkirland_LD50/Content/Game/BP_PCont_LD50.uexp" 364
"S:/GameDev/Potkirland_LD50/Content/Game/BP_GameModeBase_LD50.uasset" 365
"S:/GameDev/Potkirland_LD50/Content/Game/BP_GameModeBase_LD50.uexp" 366
"../../../Engine/Plugins/2D/Paper2D/Content/TranslucentUnlitSpriteMaterial.uasset" 367
"../../../Engine/Plugins/2D/Paper2D/Content/TranslucentUnlitSpriteMaterial.uexp" 368
"S:/GameDev/Potkirland_LD50/Content/Game/Textures/Thresher.uasset" 369
"S:/GameDev/Potkirland_LD50/Content/Game/Textures/Thresher.uexp" 370
"S:/GameDev/Potkirland_LD50/Content/Game/Textures/Thresher_Sprite.uasset" 371
"S:/GameDev/Potkirland_LD50/Content/Game/Textures/Thresher_Sprite.uexp" 372
"S:/GameDev/Potkirland_LD50/Content/Game/Actors/BP_Shark.uasset" 373
"S:/GameDev/Potkirland_LD50/Content/Game/Actors/BP_Shark.uexp" 374
"S:/GameDev/Potkirland_LD50/Content/Game/Actors/BP_CardBoard_Child.uasset" 375
"S:/GameDev/Potkirland_LD50/Content/Game/Actors/BP_CardBoard_Child.uexp" 376
"S:/GameDev/Potkirland_LD50/Content/Maps/NewWorld.uexp" 377
"S:/GameDev/Potkirland_LD50/Content/Maps/NewWorld.umap" 378
"../../../Engine/Content/Maps/Entry_BuiltData.uasset" 379
"../../../Engine/Content/Maps/Entry_BuiltData.uexp" 380
"../../../Engine/Content/Maps/Entry.uexp" 381
"../../../Engine/Content/Maps/Entry.umap" 382
